#
# A fatal error has been detected by the Java Runtime Environment:
#
#  EXCEPTION_ACCESS_VIOLATION (0xc0000005) at pc=0x00007ffb5aa9663c, pid=14768, tid=16660
#
# JRE version: OpenJDK Runtime Environment (11.0.2+9) (build 11.0.2+9)
# Java VM: OpenJDK 64-Bit Server VM (11.0.2+9, mixed mode, tiered, compressed oops, g1 gc, windows-amd64)
# Problematic frame:
# V  [kernel.appcore.dll+0x6c663c]
#
# No core dump will be written. Minidumps are not enabled by default on client versions of Windows
#
# If you would like to submit a bug report, please visit:
#   http://bugreport.java.com/bugreport/crash.jsp
#

---------------  S U M M A R Y ------------

Command Line: -Dcom.sun.management.jmxremote -Dcom.sun.management.jmxremote.port=53422 -Dcom.sun.management.jmxremote.authenticate=false -Dcom.sun.management.jmxremote.ssl=false -Djava.rmi.server.hostname=localhost -Dspring.jmx.enabled=true -Dspring.application.admin.enabled=true -Xverify:none -XX:TieredStopAtLevel=1 -Dspring.boot.project.name=cursomc -Dfile.encoding=UTF-8 com.rhuan.cursomc.CursomcApplication --spring.output.ansi.enabled=always

Host: Intel(R) Core(TM) i5-4440 CPU @ 3.10GHz, 4 cores, 15G,  Windows 10 , 64 bit Build 18362 (10.0.18362.1082)
Time: Mon Sep 14 11:17:23 2020 Hora Padrão Brasil Central elapsed time: 1 seconds (0d 0h 0m 1s)

---------------  T H R E A D  ---------------

Current thread (0x0000015e3a6cc000):  WatcherThread [stack: 0x0000003b04f00000,0x0000003b05000000] [id=16660]

Stack: [0x0000003b04f00000,0x0000003b05000000],  sp=0x0000003b04fffa20,  free space=1022k
Native frames: (J=compiled Java code, j=interpreted, Vv=VM code, C=native code)
V  [bcryptPrimitives.dll+0x6c663c]
V  [jvm.dll+0x711f7d]
V  [jvm.dll+0x737939]
V  [jvm.dll+0x633942]
C  [ucrtbase.dll+0x20e82]
C  [KERNEL32.DLL+0x17bd4]
C  [ntdll.dll+0x6ce51]


siginfo: EXCEPTION_ACCESS_VIOLATION (0xc0000005), reading address 0x0000000000000008


Register to memory mapping:

RIP=0x00007ffb5aa9663c jvm.dll
RAX=0x0 is NULL
RBX=0x0 is NULL
RCX=0x0000000800000007 is pointing into metadata
RDX=0x0000000000000032 is an unknown value
RSP=0x0000003b04fffa20 points into unknown readable memory: 00 c0 6c 3a 5e 01 00 00
RBP=0x0000000000000002 is an unknown value
RSI=0x0000015e3a642b30 points into unknown readable memory: 90 65 63 3a 5e 01 00 00
RDI=0x0 is NULL
R8 =0x0000000000000031 is an unknown value
R9 =0x0000015e1df30b80 is at begin+0 in a stub
StubRoutines::atomic_cmpxchg_long [0x0000015e1df30b80, 0x0000015e1df30b89[ (9 bytes)
R10=0x00000000546c6148 is an unknown value
R11=0xfffffffffbe0a602 is an unknown value
R12=0x0 is NULL
R13=0x0000015e3a6cc000 points into unknown readable memory: c8 67 ca 5a fb 7f 00 00
R14=0x0000000000000001 is an unknown value
R15=0x0000015e3a503ad0 points into unknown readable memory: 00 00 00 00 00 00 00 00


Registers:
RAX=0x0000000000000000, RBX=0x0000000000000000, RCX=0x0000000800000007, RDX=0x0000000000000032
RSP=0x0000003b04fffa20, RBP=0x0000000000000002, RSI=0x0000015e3a642b30, RDI=0x0000000000000000
R8 =0x0000000000000031, R9 =0x0000015e1df30b80, R10=0x00000000546c6148, R11=0xfffffffffbe0a602
R12=0x0000000000000000, R13=0x0000015e3a6cc000, R14=0x0000000000000001, R15=0x0000015e3a503ad0
RIP=0x00007ffb5aa9663c, EFLAGS=0x0000000000010202

Top of Stack: (sp=0x0000003b04fffa20)
0x0000003b04fffa20:   0000015e3a6cc000 0000015e3a6cc000
0x0000003b04fffa30:   000059bd2fa5dac0 00007ffb5a9d75a9
0x0000003b04fffa40:   00007ffb5ae414d8 00007ffb5aae1f7d
0x0000003b04fffa50:   0000000000000001 0000015e15c2ec50
0x0000003b04fffa60:   0000015e15c2ec50 431bde82d7b634db
0x0000003b04fffa70:   0000015e3a503ad0 000059bd2fa5dac0
0x0000003b04fffa80:   0000015e15c2ec50 00007ffb5ab07939
0x0000003b04fffa90:   0000000000000001 0000000000000001
0x0000003b04fffaa0:   0000000000000001 0000000000000002
0x0000003b04fffab0:   0000000000000000 0000000000000000
0x0000003b04fffac0:   00007ffbc0500e40 0000015e3a636650
0x0000003b04fffad0:   0000000000000000 0000003b04ffff38
0x0000003b04fffae0:   0000000000000000 0000000000000000
0x0000003b04fffaf0:   0000000000000000 0000000000000000
0x0000003b04fffb00:   0000000000000000 0000003b04fffe40
0x0000003b04fffb10:   0000015e3a6cc000 00007ffb5aa03942 

Instructions: (pc=0x00007ffb5aa9663c)
0x00007ffb5aa9661c:   35 87 5d 3a 00 33 db 48 8b 06 39 18 7e 27 48 89
0x00007ffb5aa9662c:   7c 24 30 8b fb 48 8b 40 18 48 8b 0c 07 48 8b 01
0x00007ffb5aa9663c:   ff 50 08 48 8b 06 48 8d 7f 08 ff c3 3b 18 7c e5
0x00007ffb5aa9664c:   48 8b 7c 24 30 48 8b 5c 24 38 48 83 c4 20 5e c3 


Stack slot to memory mapping:
stack at sp + 0 slots: 0x0000015e3a6cc000 points into unknown readable memory: c8 67 ca 5a fb 7f 00 00
stack at sp + 1 slots: 0x0000015e3a6cc000 points into unknown readable memory: c8 67 ca 5a fb 7f 00 00
stack at sp + 2 slots: 0x000059bd2fa5dac0 is an unknown value
stack at sp + 3 slots: 0x00007ffb5a9d75a9 jvm.dll
stack at sp + 4 slots: 0x00007ffb5ae414d8 jvm.dll
stack at sp + 5 slots: 0x00007ffb5aae1f7d jvm.dll
stack at sp + 6 slots: 0x0000000000000001 is an unknown value
stack at sp + 7 slots: 0x0000015e15c2ec50 points into unknown readable memory: 01 00 00 00 00 00 00 00


---------------  P R O C E S S  ---------------

Threads class SMR info:
_java_thread_list=0x0000015e3a70a410, length=14, elements={
0x0000015e15c2f800, 0x0000015e38b7a800, 0x0000015e38b7c800, 0x0000015e39476800,
0x0000015e39477000, 0x0000015e39426000, 0x0000015e3948c800, 0x0000015e39401000,
0x0000015e39650800, 0x0000015e3a5ea000, 0x0000015e3a671000, 0x0000015e3a63e800,
0x0000015e3a6bf800, 0x0000015e3a706800
}

Java Threads: ( => current thread )
  0x0000015e15c2f800 JavaThread "main" [_thread_in_vm, id=13716, stack(0x0000003b03800000,0x0000003b03900000)]
  0x0000015e38b7a800 JavaThread "Reference Handler" daemon [_thread_blocked, id=4212, stack(0x0000003b03f00000,0x0000003b04000000)]
  0x0000015e38b7c800 JavaThread "Finalizer" daemon [_thread_blocked, id=16312, stack(0x0000003b04000000,0x0000003b04100000)]
  0x0000015e39476800 JavaThread "Signal Dispatcher" daemon [_thread_blocked, id=15500, stack(0x0000003b04100000,0x0000003b04200000)]
  0x0000015e39477000 JavaThread "Attach Listener" daemon [_thread_blocked, id=16172, stack(0x0000003b04200000,0x0000003b04300000)]
  0x0000015e39426000 JavaThread "C1 CompilerThread0" daemon [_thread_in_vm, id=15680, stack(0x0000003b04300000,0x0000003b04400000)]
  0x0000015e3948c800 JavaThread "Sweeper thread" daemon [_thread_blocked, id=7656, stack(0x0000003b04400000,0x0000003b04500000)]
  0x0000015e39401000 JavaThread "Common-Cleaner" daemon [_thread_blocked, id=3892, stack(0x0000003b04500000,0x0000003b04600000)]
  0x0000015e39650800 JavaThread "Service Thread" daemon [_thread_blocked, id=15652, stack(0x0000003b04600000,0x0000003b04700000)]
  0x0000015e3a5ea000 JavaThread "C1 CompilerThread1" daemon [_thread_blocked, id=15392, stack(0x0000003b04b00000,0x0000003b04c00000)]
  0x0000015e3a671000 JavaThread "RMI TCP Accept-0" daemon [_thread_in_native, id=17196, stack(0x0000003b04c00000,0x0000003b04d00000)]
  0x0000015e3a63e800 JavaThread "RMI TCP Accept-53422" daemon [_thread_in_native, id=15176, stack(0x0000003b04d00000,0x0000003b04e00000)]
  0x0000015e3a6bf800 JavaThread "RMI TCP Accept-0" daemon [_thread_in_native, id=5816, stack(0x0000003b04e00000,0x0000003b04f00000)]
  0x0000015e3a706800 JavaThread "C1 CompilerThread2" daemon [_thread_blocked, id=14176, stack(0x0000003b05000000,0x0000003b05100000)]

Other Threads:
  0x0000015e38b48000 VMThread "VM Thread" [stack: 0x0000003b03e00000,0x0000003b03f00000] [id=13344]
=>0x0000015e3a6cc000 WatcherThread [stack: 0x0000003b04f00000,0x0000003b05000000] [id=16660]
  0x0000015e15c46800 GCTaskThread "GC Thread#0" [stack: 0x0000003b03900000,0x0000003b03a00000] [id=16984]
  0x0000015e3977c000 GCTaskThread "GC Thread#1" [stack: 0x0000003b04700000,0x0000003b04800000] [id=9640]
  0x0000015e3977d000 GCTaskThread "GC Thread#2" [stack: 0x0000003b04800000,0x0000003b04900000] [id=14400]
  0x0000015e3977d800 GCTaskThread "GC Thread#3" [stack: 0x0000003b04900000,0x0000003b04a00000] [id=5464]
  0x0000015e15ca6000 ConcurrentGCThread "G1 Main Marker" [stack: 0x0000003b03a00000,0x0000003b03b00000] [id=15116]
  0x0000015e15ca9000 ConcurrentGCThread "G1 Conc#0" [stack: 0x0000003b03b00000,0x0000003b03c00000] [id=15716]
  0x0000015e38a4f000 ConcurrentGCThread "G1 Refine#0" [stack: 0x0000003b03c00000,0x0000003b03d00000] [id=13868]
  0x0000015e39620800 ConcurrentGCThread "G1 Refine#1" [stack: 0x0000003b04a00000,0x0000003b04b00000] [id=15544]
  0x0000015e38a50800 ConcurrentGCThread "G1 Young RemSet Sampling" [stack: 0x0000003b03d00000,0x0000003b03e00000] [id=5540]

Threads with active compile tasks:
C1 CompilerThread01090       1       java.nio.DirectIntBufferU::ix (10 bytes)

VM state:not at safepoint (normal execution)

VM Mutex/Monitor currently owned by a thread:  ([mutex/lock_event])
[0x0000015e15c2ec50] PeriodicTask_lock - owner thread: 0x0000015e3a6cc000

Heap address: 0x0000000701c00000, size: 4068 MB, Compressed Oops mode: Zero based, Oop shift amount: 3
Narrow klass base: 0x0000000800000000, Narrow klass shift: 0
Compressed class space size: 1073741824 Address: 0x0000000800000000

Heap:
 garbage-first heap   total 262144K, used 26276K [0x0000000701c00000, 0x0000000800000000)
  region size 1024K, 10 young (10240K), 2 survivors (2048K)
 Metaspace       used 13227K, capacity 13549K, committed 13824K, reserved 1060864K
  class space    used 1392K, capacity 1503K, committed 1536K, reserved 1048576K
Heap Regions: E=young(eden), S=young(survivor), O=old, HS=humongous(starts), HC=humongous(continues), CS=collection set, F=free, A=archive, TAMS=top-at-mark-start (previous, next)
|   0|0x0000000701c00000, 0x0000000701d00000, 0x0000000701d00000|100%|HS|  |TAMS 0x0000000701c00000, 0x0000000701c00000| Complete 
|   1|0x0000000701d00000, 0x0000000701e00000, 0x0000000701e00000|100%| O|  |TAMS 0x0000000701d00000, 0x0000000701d00000| Untracked 
|   2|0x0000000701e00000, 0x0000000701f00000, 0x0000000701f00000|100%| O|  |TAMS 0x0000000701e00000, 0x0000000701e00000| Untracked 
|   3|0x0000000701f00000, 0x0000000702000000, 0x0000000702000000|100%| O|  |TAMS 0x0000000701f00000, 0x0000000701f00000| Untracked 
|   4|0x0000000702000000, 0x0000000702100000, 0x0000000702100000|100%| O|  |TAMS 0x0000000702000000, 0x0000000702000000| Untracked 
|   5|0x0000000702100000, 0x0000000702200000, 0x0000000702200000|100%| O|  |TAMS 0x0000000702100000, 0x0000000702100000| Untracked 
|   6|0x0000000702200000, 0x0000000702300000, 0x0000000702300000|100%| O|  |TAMS 0x0000000702200000, 0x0000000702200000| Untracked 
|   7|0x0000000702300000, 0x0000000702400000, 0x0000000702400000|100%| O|  |TAMS 0x0000000702300000, 0x0000000702300000| Untracked 
|   8|0x0000000702400000, 0x0000000702500000, 0x0000000702500000|100%| O|  |TAMS 0x0000000702400000, 0x0000000702400000| Untracked 
|   9|0x0000000702500000, 0x0000000702600000, 0x0000000702600000|100%| O|  |TAMS 0x0000000702500000, 0x0000000702500000| Untracked 
|  10|0x0000000702600000, 0x0000000702700000, 0x0000000702700000|100%| O|  |TAMS 0x0000000702600000, 0x0000000702600000| Untracked 
|  11|0x0000000702700000, 0x0000000702800000, 0x0000000702800000|100%| O|  |TAMS 0x0000000702700000, 0x0000000702700000| Untracked 
|  12|0x0000000702800000, 0x0000000702900000, 0x0000000702900000|100%| O|  |TAMS 0x0000000702800000, 0x0000000702800000| Untracked 
|  13|0x0000000702900000, 0x0000000702a00000, 0x0000000702a00000|100%| O|  |TAMS 0x0000000702900000, 0x0000000702900000| Untracked 
|  14|0x0000000702a00000, 0x0000000702b00000, 0x0000000702b00000|100%| O|  |TAMS 0x0000000702a00000, 0x0000000702a00000| Untracked 
|  15|0x0000000702b00000, 0x0000000702c00000, 0x0000000702c00000|100%| O|  |TAMS 0x0000000702b00000, 0x0000000702b00000| Untracked 
|  16|0x0000000702c00000, 0x0000000702ca9000, 0x0000000702d00000| 66%| O|  |TAMS 0x0000000702c00000, 0x0000000702c00000| Untracked 
|  17|0x0000000702d00000, 0x0000000702d00000, 0x0000000702e00000|  0%| F|  |TAMS 0x0000000702d00000, 0x0000000702d00000| Untracked 
|  18|0x0000000702e00000, 0x0000000702e00000, 0x0000000702f00000|  0%| F|  |TAMS 0x0000000702e00000, 0x0000000702e00000| Untracked 
|  19|0x0000000702f00000, 0x0000000702f00000, 0x0000000703000000|  0%| F|  |TAMS 0x0000000702f00000, 0x0000000702f00000| Untracked 
|  20|0x0000000703000000, 0x0000000703000000, 0x0000000703100000|  0%| F|  |TAMS 0x0000000703000000, 0x0000000703000000| Untracked 
|  21|0x0000000703100000, 0x0000000703100000, 0x0000000703200000|  0%| F|  |TAMS 0x0000000703100000, 0x0000000703100000| Untracked 
|  22|0x0000000703200000, 0x0000000703200000, 0x0000000703300000|  0%| F|  |TAMS 0x0000000703200000, 0x0000000703200000| Untracked 
|  23|0x0000000703300000, 0x0000000703300000, 0x0000000703400000|  0%| F|  |TAMS 0x0000000703300000, 0x0000000703300000| Untracked 
|  24|0x0000000703400000, 0x0000000703400000, 0x0000000703500000|  0%| F|  |TAMS 0x0000000703400000, 0x0000000703400000| Untracked 
|  25|0x0000000703500000, 0x0000000703500000, 0x0000000703600000|  0%| F|  |TAMS 0x0000000703500000, 0x0000000703500000| Untracked 
|  26|0x0000000703600000, 0x0000000703600000, 0x0000000703700000|  0%| F|  |TAMS 0x0000000703600000, 0x0000000703600000| Untracked 
|  27|0x0000000703700000, 0x0000000703700000, 0x0000000703800000|  0%| F|  |TAMS 0x0000000703700000, 0x0000000703700000| Untracked 
|  28|0x0000000703800000, 0x0000000703800000, 0x0000000703900000|  0%| F|  |TAMS 0x0000000703800000, 0x0000000703800000| Untracked 
|  29|0x0000000703900000, 0x0000000703900000, 0x0000000703a00000|  0%| F|  |TAMS 0x0000000703900000, 0x0000000703900000| Untracked 
|  30|0x0000000703a00000, 0x0000000703a00000, 0x0000000703b00000|  0%| F|  |TAMS 0x0000000703a00000, 0x0000000703a00000| Untracked 
|  31|0x0000000703b00000, 0x0000000703b00000, 0x0000000703c00000|  0%| F|  |TAMS 0x0000000703b00000, 0x0000000703b00000| Untracked 
|  32|0x0000000703c00000, 0x0000000703c00000, 0x0000000703d00000|  0%| F|  |TAMS 0x0000000703c00000, 0x0000000703c00000| Untracked 
|  33|0x0000000703d00000, 0x0000000703d00000, 0x0000000703e00000|  0%| F|  |TAMS 0x0000000703d00000, 0x0000000703d00000| Untracked 
|  34|0x0000000703e00000, 0x0000000703e00000, 0x0000000703f00000|  0%| F|  |TAMS 0x0000000703e00000, 0x0000000703e00000| Untracked 
|  35|0x0000000703f00000, 0x0000000703f00000, 0x0000000704000000|  0%| F|  |TAMS 0x0000000703f00000, 0x0000000703f00000| Untracked 
|  36|0x0000000704000000, 0x0000000704000000, 0x0000000704100000|  0%| F|  |TAMS 0x0000000704000000, 0x0000000704000000| Untracked 
|  37|0x0000000704100000, 0x0000000704100000, 0x0000000704200000|  0%| F|  |TAMS 0x0000000704100000, 0x0000000704100000| Untracked 
|  38|0x0000000704200000, 0x0000000704200000, 0x0000000704300000|  0%| F|  |TAMS 0x0000000704200000, 0x0000000704200000| Untracked 
|  39|0x0000000704300000, 0x0000000704300000, 0x0000000704400000|  0%| F|  |TAMS 0x0000000704300000, 0x0000000704300000| Untracked 
|  40|0x0000000704400000, 0x0000000704400000, 0x0000000704500000|  0%| F|  |TAMS 0x0000000704400000, 0x0000000704400000| Untracked 
|  41|0x0000000704500000, 0x0000000704500000, 0x0000000704600000|  0%| F|  |TAMS 0x0000000704500000, 0x0000000704500000| Untracked 
|  42|0x0000000704600000, 0x0000000704600000, 0x0000000704700000|  0%| F|  |TAMS 0x0000000704600000, 0x0000000704600000| Untracked 
|  43|0x0000000704700000, 0x0000000704700000, 0x0000000704800000|  0%| F|  |TAMS 0x0000000704700000, 0x0000000704700000| Untracked 
|  44|0x0000000704800000, 0x0000000704800000, 0x0000000704900000|  0%| F|  |TAMS 0x0000000704800000, 0x0000000704800000| Untracked 
|  45|0x0000000704900000, 0x0000000704900000, 0x0000000704a00000|  0%| F|  |TAMS 0x0000000704900000, 0x0000000704900000| Untracked 
|  46|0x0000000704a00000, 0x0000000704a00000, 0x0000000704b00000|  0%| F|  |TAMS 0x0000000704a00000, 0x0000000704a00000| Untracked 
|  47|0x0000000704b00000, 0x0000000704b00000, 0x0000000704c00000|  0%| F|  |TAMS 0x0000000704b00000, 0x0000000704b00000| Untracked 
|  48|0x0000000704c00000, 0x0000000704c00000, 0x0000000704d00000|  0%| F|  |TAMS 0x0000000704c00000, 0x0000000704c00000| Untracked 
|  49|0x0000000704d00000, 0x0000000704d00000, 0x0000000704e00000|  0%| F|  |TAMS 0x0000000704d00000, 0x0000000704d00000| Untracked 
|  50|0x0000000704e00000, 0x0000000704e00000, 0x0000000704f00000|  0%| F|  |TAMS 0x0000000704e00000, 0x0000000704e00000| Untracked 
|  51|0x0000000704f00000, 0x0000000704f00000, 0x0000000705000000|  0%| F|  |TAMS 0x0000000704f00000, 0x0000000704f00000| Untracked 
|  52|0x0000000705000000, 0x0000000705000000, 0x0000000705100000|  0%| F|  |TAMS 0x0000000705000000, 0x0000000705000000| Untracked 
|  53|0x0000000705100000, 0x0000000705100000, 0x0000000705200000|  0%| F|  |TAMS 0x0000000705100000, 0x0000000705100000| Untracked 
|  54|0x0000000705200000, 0x0000000705200000, 0x0000000705300000|  0%| F|  |TAMS 0x0000000705200000, 0x0000000705200000| Untracked 
|  55|0x0000000705300000, 0x0000000705300000, 0x0000000705400000|  0%| F|  |TAMS 0x0000000705300000, 0x0000000705300000| Untracked 
|  56|0x0000000705400000, 0x0000000705400000, 0x0000000705500000|  0%| F|  |TAMS 0x0000000705400000, 0x0000000705400000| Untracked 
|  57|0x0000000705500000, 0x0000000705500000, 0x0000000705600000|  0%| F|  |TAMS 0x0000000705500000, 0x0000000705500000| Untracked 
|  58|0x0000000705600000, 0x0000000705600000, 0x0000000705700000|  0%| F|  |TAMS 0x0000000705600000, 0x0000000705600000| Untracked 
|  59|0x0000000705700000, 0x0000000705700000, 0x0000000705800000|  0%| F|  |TAMS 0x0000000705700000, 0x0000000705700000| Untracked 
|  60|0x0000000705800000, 0x0000000705800000, 0x0000000705900000|  0%| F|  |TAMS 0x0000000705800000, 0x0000000705800000| Untracked 
|  61|0x0000000705900000, 0x0000000705900000, 0x0000000705a00000|  0%| F|  |TAMS 0x0000000705900000, 0x0000000705900000| Untracked 
|  62|0x0000000705a00000, 0x0000000705a00000, 0x0000000705b00000|  0%| F|  |TAMS 0x0000000705a00000, 0x0000000705a00000| Untracked 
|  63|0x0000000705b00000, 0x0000000705b00000, 0x0000000705c00000|  0%| F|  |TAMS 0x0000000705b00000, 0x0000000705b00000| Untracked 
|  64|0x0000000705c00000, 0x0000000705c00000, 0x0000000705d00000|  0%| F|  |TAMS 0x0000000705c00000, 0x0000000705c00000| Untracked 
|  65|0x0000000705d00000, 0x0000000705d00000, 0x0000000705e00000|  0%| F|  |TAMS 0x0000000705d00000, 0x0000000705d00000| Untracked 
|  66|0x0000000705e00000, 0x0000000705e00000, 0x0000000705f00000|  0%| F|  |TAMS 0x0000000705e00000, 0x0000000705e00000| Untracked 
|  67|0x0000000705f00000, 0x0000000705f00000, 0x0000000706000000|  0%| F|  |TAMS 0x0000000705f00000, 0x0000000705f00000| Untracked 
|  68|0x0000000706000000, 0x0000000706000000, 0x0000000706100000|  0%| F|  |TAMS 0x0000000706000000, 0x0000000706000000| Untracked 
|  69|0x0000000706100000, 0x0000000706100000, 0x0000000706200000|  0%| F|  |TAMS 0x0000000706100000, 0x0000000706100000| Untracked 
|  70|0x0000000706200000, 0x0000000706200000, 0x0000000706300000|  0%| F|  |TAMS 0x0000000706200000, 0x0000000706200000| Untracked 
|  71|0x0000000706300000, 0x0000000706300000, 0x0000000706400000|  0%| F|  |TAMS 0x0000000706300000, 0x0000000706300000| Untracked 
|  72|0x0000000706400000, 0x0000000706400000, 0x0000000706500000|  0%| F|  |TAMS 0x0000000706400000, 0x0000000706400000| Untracked 
|  73|0x0000000706500000, 0x0000000706500000, 0x0000000706600000|  0%| F|  |TAMS 0x0000000706500000, 0x0000000706500000| Untracked 
|  74|0x0000000706600000, 0x0000000706600000, 0x0000000706700000|  0%| F|  |TAMS 0x0000000706600000, 0x0000000706600000| Untracked 
|  75|0x0000000706700000, 0x0000000706700000, 0x0000000706800000|  0%| F|  |TAMS 0x0000000706700000, 0x0000000706700000| Untracked 
|  76|0x0000000706800000, 0x0000000706800000, 0x0000000706900000|  0%| F|  |TAMS 0x0000000706800000, 0x0000000706800000| Untracked 
|  77|0x0000000706900000, 0x0000000706900000, 0x0000000706a00000|  0%| F|  |TAMS 0x0000000706900000, 0x0000000706900000| Untracked 
|  78|0x0000000706a00000, 0x0000000706a00000, 0x0000000706b00000|  0%| F|  |TAMS 0x0000000706a00000, 0x0000000706a00000| Untracked 
|  79|0x0000000706b00000, 0x0000000706b00000, 0x0000000706c00000|  0%| F|  |TAMS 0x0000000706b00000, 0x0000000706b00000| Untracked 
|  80|0x0000000706c00000, 0x0000000706c00000, 0x0000000706d00000|  0%| F|  |TAMS 0x0000000706c00000, 0x0000000706c00000| Untracked 
|  81|0x0000000706d00000, 0x0000000706d00000, 0x0000000706e00000|  0%| F|  |TAMS 0x0000000706d00000, 0x0000000706d00000| Untracked 
|  82|0x0000000706e00000, 0x0000000706e00000, 0x0000000706f00000|  0%| F|  |TAMS 0x0000000706e00000, 0x0000000706e00000| Untracked 
|  83|0x0000000706f00000, 0x0000000706f00000, 0x0000000707000000|  0%| F|  |TAMS 0x0000000706f00000, 0x0000000706f00000| Untracked 
|  84|0x0000000707000000, 0x0000000707000000, 0x0000000707100000|  0%| F|  |TAMS 0x0000000707000000, 0x0000000707000000| Untracked 
|  85|0x0000000707100000, 0x0000000707100000, 0x0000000707200000|  0%| F|  |TAMS 0x0000000707100000, 0x0000000707100000| Untracked 
|  86|0x0000000707200000, 0x0000000707200000, 0x0000000707300000|  0%| F|  |TAMS 0x0000000707200000, 0x0000000707200000| Untracked 
|  87|0x0000000707300000, 0x0000000707300000, 0x0000000707400000|  0%| F|  |TAMS 0x0000000707300000, 0x0000000707300000| Untracked 
|  88|0x0000000707400000, 0x0000000707400000, 0x0000000707500000|  0%| F|  |TAMS 0x0000000707400000, 0x0000000707400000| Untracked 
|  89|0x0000000707500000, 0x0000000707500000, 0x0000000707600000|  0%| F|  |TAMS 0x0000000707500000, 0x0000000707500000| Untracked 
|  90|0x0000000707600000, 0x0000000707600000, 0x0000000707700000|  0%| F|  |TAMS 0x0000000707600000, 0x0000000707600000| Untracked 
|  91|0x0000000707700000, 0x0000000707700000, 0x0000000707800000|  0%| F|  |TAMS 0x0000000707700000, 0x0000000707700000| Untracked 
|  92|0x0000000707800000, 0x0000000707800000, 0x0000000707900000|  0%| F|  |TAMS 0x0000000707800000, 0x0000000707800000| Untracked 
|  93|0x0000000707900000, 0x0000000707900000, 0x0000000707a00000|  0%| F|  |TAMS 0x0000000707900000, 0x0000000707900000| Untracked 
|  94|0x0000000707a00000, 0x0000000707a00000, 0x0000000707b00000|  0%| F|  |TAMS 0x0000000707a00000, 0x0000000707a00000| Untracked 
|  95|0x0000000707b00000, 0x0000000707b00000, 0x0000000707c00000|  0%| F|  |TAMS 0x0000000707b00000, 0x0000000707b00000| Untracked 
|  96|0x0000000707c00000, 0x0000000707c00000, 0x0000000707d00000|  0%| F|  |TAMS 0x0000000707c00000, 0x0000000707c00000| Untracked 
|  97|0x0000000707d00000, 0x0000000707d00000, 0x0000000707e00000|  0%| F|  |TAMS 0x0000000707d00000, 0x0000000707d00000| Untracked 
|  98|0x0000000707e00000, 0x0000000707e00000, 0x0000000707f00000|  0%| F|  |TAMS 0x0000000707e00000, 0x0000000707e00000| Untracked 
|  99|0x0000000707f00000, 0x0000000707f00000, 0x0000000708000000|  0%| F|  |TAMS 0x0000000707f00000, 0x0000000707f00000| Untracked 
| 100|0x0000000708000000, 0x0000000708000000, 0x0000000708100000|  0%| F|  |TAMS 0x0000000708000000, 0x0000000708000000| Untracked 
| 101|0x0000000708100000, 0x0000000708100000, 0x0000000708200000|  0%| F|  |TAMS 0x0000000708100000, 0x0000000708100000| Untracked 
| 102|0x0000000708200000, 0x0000000708200000, 0x0000000708300000|  0%| F|  |TAMS 0x0000000708200000, 0x0000000708200000| Untracked 
| 103|0x0000000708300000, 0x0000000708300000, 0x0000000708400000|  0%| F|  |TAMS 0x0000000708300000, 0x0000000708300000| Untracked 
| 104|0x0000000708400000, 0x0000000708400000, 0x0000000708500000|  0%| F|  |TAMS 0x0000000708400000, 0x0000000708400000| Untracked 
| 105|0x0000000708500000, 0x0000000708500000, 0x0000000708600000|  0%| F|  |TAMS 0x0000000708500000, 0x0000000708500000| Untracked 
| 106|0x0000000708600000, 0x0000000708600000, 0x0000000708700000|  0%| F|  |TAMS 0x0000000708600000, 0x0000000708600000| Untracked 
| 107|0x0000000708700000, 0x0000000708700000, 0x0000000708800000|  0%| F|  |TAMS 0x0000000708700000, 0x0000000708700000| Untracked 
| 108|0x0000000708800000, 0x0000000708800000, 0x0000000708900000|  0%| F|  |TAMS 0x0000000708800000, 0x0000000708800000| Untracked 
| 109|0x0000000708900000, 0x0000000708900000, 0x0000000708a00000|  0%| F|  |TAMS 0x0000000708900000, 0x0000000708900000| Untracked 
| 110|0x0000000708a00000, 0x0000000708a00000, 0x0000000708b00000|  0%| F|  |TAMS 0x0000000708a00000, 0x0000000708a00000| Untracked 
| 111|0x0000000708b00000, 0x0000000708b00000, 0x0000000708c00000|  0%| F|  |TAMS 0x0000000708b00000, 0x0000000708b00000| Untracked 
| 112|0x0000000708c00000, 0x0000000708c00000, 0x0000000708d00000|  0%| F|  |TAMS 0x0000000708c00000, 0x0000000708c00000| Untracked 
| 113|0x0000000708d00000, 0x0000000708d00000, 0x0000000708e00000|  0%| F|  |TAMS 0x0000000708d00000, 0x0000000708d00000| Untracked 
| 114|0x0000000708e00000, 0x0000000708e00000, 0x0000000708f00000|  0%| F|  |TAMS 0x0000000708e00000, 0x0000000708e00000| Untracked 
| 115|0x0000000708f00000, 0x0000000708f00000, 0x0000000709000000|  0%| F|  |TAMS 0x0000000708f00000, 0x0000000708f00000| Untracked 
| 116|0x0000000709000000, 0x0000000709000000, 0x0000000709100000|  0%| F|  |TAMS 0x0000000709000000, 0x0000000709000000| Untracked 
| 117|0x0000000709100000, 0x0000000709100000, 0x0000000709200000|  0%| F|  |TAMS 0x0000000709100000, 0x0000000709100000| Untracked 
| 118|0x0000000709200000, 0x0000000709200000, 0x0000000709300000|  0%| F|  |TAMS 0x0000000709200000, 0x0000000709200000| Untracked 
| 119|0x0000000709300000, 0x0000000709300000, 0x0000000709400000|  0%| F|  |TAMS 0x0000000709300000, 0x0000000709300000| Untracked 
| 120|0x0000000709400000, 0x0000000709400000, 0x0000000709500000|  0%| F|  |TAMS 0x0000000709400000, 0x0000000709400000| Untracked 
| 121|0x0000000709500000, 0x0000000709500000, 0x0000000709600000|  0%| F|  |TAMS 0x0000000709500000, 0x0000000709500000| Untracked 
| 122|0x0000000709600000, 0x0000000709600000, 0x0000000709700000|  0%| F|  |TAMS 0x0000000709600000, 0x0000000709600000| Untracked 
| 123|0x0000000709700000, 0x0000000709700000, 0x0000000709800000|  0%| F|  |TAMS 0x0000000709700000, 0x0000000709700000| Untracked 
| 124|0x0000000709800000, 0x0000000709800000, 0x0000000709900000|  0%| F|  |TAMS 0x0000000709800000, 0x0000000709800000| Untracked 
| 125|0x0000000709900000, 0x0000000709900000, 0x0000000709a00000|  0%| F|  |TAMS 0x0000000709900000, 0x0000000709900000| Untracked 
| 126|0x0000000709a00000, 0x0000000709a00000, 0x0000000709b00000|  0%| F|  |TAMS 0x0000000709a00000, 0x0000000709a00000| Untracked 
| 127|0x0000000709b00000, 0x0000000709b00000, 0x0000000709c00000|  0%| F|  |TAMS 0x0000000709b00000, 0x0000000709b00000| Untracked 
| 128|0x0000000709c00000, 0x0000000709c00000, 0x0000000709d00000|  0%| F|  |TAMS 0x0000000709c00000, 0x0000000709c00000| Untracked 
| 129|0x0000000709d00000, 0x0000000709d00000, 0x0000000709e00000|  0%| F|  |TAMS 0x0000000709d00000, 0x0000000709d00000| Untracked 
| 130|0x0000000709e00000, 0x0000000709e00000, 0x0000000709f00000|  0%| F|  |TAMS 0x0000000709e00000, 0x0000000709e00000| Untracked 
| 131|0x0000000709f00000, 0x0000000709f00000, 0x000000070a000000|  0%| F|  |TAMS 0x0000000709f00000, 0x0000000709f00000| Untracked 
| 132|0x000000070a000000, 0x000000070a000000, 0x000000070a100000|  0%| F|  |TAMS 0x000000070a000000, 0x000000070a000000| Untracked 
| 133|0x000000070a100000, 0x000000070a100000, 0x000000070a200000|  0%| F|  |TAMS 0x000000070a100000, 0x000000070a100000| Untracked 
| 134|0x000000070a200000, 0x000000070a200000, 0x000000070a300000|  0%| F|  |TAMS 0x000000070a200000, 0x000000070a200000| Untracked 
| 135|0x000000070a300000, 0x000000070a300000, 0x000000070a400000|  0%| F|  |TAMS 0x000000070a300000, 0x000000070a300000| Untracked 
| 136|0x000000070a400000, 0x000000070a400000, 0x000000070a500000|  0%| F|  |TAMS 0x000000070a400000, 0x000000070a400000| Untracked 
| 137|0x000000070a500000, 0x000000070a500000, 0x000000070a600000|  0%| F|  |TAMS 0x000000070a500000, 0x000000070a500000| Untracked 
| 138|0x000000070a600000, 0x000000070a600000, 0x000000070a700000|  0%| F|  |TAMS 0x000000070a600000, 0x000000070a600000| Untracked 
| 139|0x000000070a700000, 0x000000070a700000, 0x000000070a800000|  0%| F|  |TAMS 0x000000070a700000, 0x000000070a700000| Untracked 
| 140|0x000000070a800000, 0x000000070a800000, 0x000000070a900000|  0%| F|  |TAMS 0x000000070a800000, 0x000000070a800000| Untracked 
| 141|0x000000070a900000, 0x000000070a900000, 0x000000070aa00000|  0%| F|  |TAMS 0x000000070a900000, 0x000000070a900000| Untracked 
| 142|0x000000070aa00000, 0x000000070aa00000, 0x000000070ab00000|  0%| F|  |TAMS 0x000000070aa00000, 0x000000070aa00000| Untracked 
| 143|0x000000070ab00000, 0x000000070ab00000, 0x000000070ac00000|  0%| F|  |TAMS 0x000000070ab00000, 0x000000070ab00000| Untracked 
| 144|0x000000070ac00000, 0x000000070ac00000, 0x000000070ad00000|  0%| F|  |TAMS 0x000000070ac00000, 0x000000070ac00000| Untracked 
| 145|0x000000070ad00000, 0x000000070ad00000, 0x000000070ae00000|  0%| F|  |TAMS 0x000000070ad00000, 0x000000070ad00000| Untracked 
| 146|0x000000070ae00000, 0x000000070ae00000, 0x000000070af00000|  0%| F|  |TAMS 0x000000070ae00000, 0x000000070ae00000| Untracked 
| 147|0x000000070af00000, 0x000000070af00000, 0x000000070b000000|  0%| F|  |TAMS 0x000000070af00000, 0x000000070af00000| Untracked 
| 148|0x000000070b000000, 0x000000070b000000, 0x000000070b100000|  0%| F|  |TAMS 0x000000070b000000, 0x000000070b000000| Untracked 
| 149|0x000000070b100000, 0x000000070b100000, 0x000000070b200000|  0%| F|  |TAMS 0x000000070b100000, 0x000000070b100000| Untracked 
| 150|0x000000070b200000, 0x000000070b200000, 0x000000070b300000|  0%| F|  |TAMS 0x000000070b200000, 0x000000070b200000| Untracked 
| 151|0x000000070b300000, 0x000000070b300000, 0x000000070b400000|  0%| F|  |TAMS 0x000000070b300000, 0x000000070b300000| Untracked 
| 152|0x000000070b400000, 0x000000070b400000, 0x000000070b500000|  0%| F|  |TAMS 0x000000070b400000, 0x000000070b400000| Untracked 
| 153|0x000000070b500000, 0x000000070b500000, 0x000000070b600000|  0%| F|  |TAMS 0x000000070b500000, 0x000000070b500000| Untracked 
| 154|0x000000070b600000, 0x000000070b600000, 0x000000070b700000|  0%| F|  |TAMS 0x000000070b600000, 0x000000070b600000| Untracked 
| 155|0x000000070b700000, 0x000000070b700000, 0x000000070b800000|  0%| F|  |TAMS 0x000000070b700000, 0x000000070b700000| Untracked 
| 156|0x000000070b800000, 0x000000070b800000, 0x000000070b900000|  0%| F|  |TAMS 0x000000070b800000, 0x000000070b800000| Untracked 
| 157|0x000000070b900000, 0x000000070b900000, 0x000000070ba00000|  0%| F|  |TAMS 0x000000070b900000, 0x000000070b900000| Untracked 
| 158|0x000000070ba00000, 0x000000070ba00000, 0x000000070bb00000|  0%| F|  |TAMS 0x000000070ba00000, 0x000000070ba00000| Untracked 
| 159|0x000000070bb00000, 0x000000070bb00000, 0x000000070bc00000|  0%| F|  |TAMS 0x000000070bb00000, 0x000000070bb00000| Untracked 
| 160|0x000000070bc00000, 0x000000070bc00000, 0x000000070bd00000|  0%| F|  |TAMS 0x000000070bc00000, 0x000000070bc00000| Untracked 
| 161|0x000000070bd00000, 0x000000070bd00000, 0x000000070be00000|  0%| F|  |TAMS 0x000000070bd00000, 0x000000070bd00000| Untracked 
| 162|0x000000070be00000, 0x000000070be00000, 0x000000070bf00000|  0%| F|  |TAMS 0x000000070be00000, 0x000000070be00000| Untracked 
| 163|0x000000070bf00000, 0x000000070bf00000, 0x000000070c000000|  0%| F|  |TAMS 0x000000070bf00000, 0x000000070bf00000| Untracked 
| 164|0x000000070c000000, 0x000000070c000000, 0x000000070c100000|  0%| F|  |TAMS 0x000000070c000000, 0x000000070c000000| Untracked 
| 165|0x000000070c100000, 0x000000070c100000, 0x000000070c200000|  0%| F|  |TAMS 0x000000070c100000, 0x000000070c100000| Untracked 
| 166|0x000000070c200000, 0x000000070c200000, 0x000000070c300000|  0%| F|  |TAMS 0x000000070c200000, 0x000000070c200000| Untracked 
| 167|0x000000070c300000, 0x000000070c300000, 0x000000070c400000|  0%| F|  |TAMS 0x000000070c300000, 0x000000070c300000| Untracked 
| 168|0x000000070c400000, 0x000000070c400000, 0x000000070c500000|  0%| F|  |TAMS 0x000000070c400000, 0x000000070c400000| Untracked 
| 169|0x000000070c500000, 0x000000070c500000, 0x000000070c600000|  0%| F|  |TAMS 0x000000070c500000, 0x000000070c500000| Untracked 
| 170|0x000000070c600000, 0x000000070c600000, 0x000000070c700000|  0%| F|  |TAMS 0x000000070c600000, 0x000000070c600000| Untracked 
| 171|0x000000070c700000, 0x000000070c700000, 0x000000070c800000|  0%| F|  |TAMS 0x000000070c700000, 0x000000070c700000| Untracked 
| 172|0x000000070c800000, 0x000000070c800000, 0x000000070c900000|  0%| F|  |TAMS 0x000000070c800000, 0x000000070c800000| Untracked 
| 173|0x000000070c900000, 0x000000070c900000, 0x000000070ca00000|  0%| F|  |TAMS 0x000000070c900000, 0x000000070c900000| Untracked 
| 174|0x000000070ca00000, 0x000000070ca00000, 0x000000070cb00000|  0%| F|  |TAMS 0x000000070ca00000, 0x000000070ca00000| Untracked 
| 175|0x000000070cb00000, 0x000000070cb00000, 0x000000070cc00000|  0%| F|  |TAMS 0x000000070cb00000, 0x000000070cb00000| Untracked 
| 176|0x000000070cc00000, 0x000000070cc00000, 0x000000070cd00000|  0%| F|  |TAMS 0x000000070cc00000, 0x000000070cc00000| Untracked 
| 177|0x000000070cd00000, 0x000000070cd00000, 0x000000070ce00000|  0%| F|  |TAMS 0x000000070cd00000, 0x000000070cd00000| Untracked 
| 178|0x000000070ce00000, 0x000000070ce00000, 0x000000070cf00000|  0%| F|  |TAMS 0x000000070ce00000, 0x000000070ce00000| Untracked 
| 179|0x000000070cf00000, 0x000000070cf00000, 0x000000070d000000|  0%| F|  |TAMS 0x000000070cf00000, 0x000000070cf00000| Untracked 
| 180|0x000000070d000000, 0x000000070d000000, 0x000000070d100000|  0%| F|  |TAMS 0x000000070d000000, 0x000000070d000000| Untracked 
| 181|0x000000070d100000, 0x000000070d100000, 0x000000070d200000|  0%| F|  |TAMS 0x000000070d100000, 0x000000070d100000| Untracked 
| 182|0x000000070d200000, 0x000000070d200000, 0x000000070d300000|  0%| F|  |TAMS 0x000000070d200000, 0x000000070d200000| Untracked 
| 183|0x000000070d300000, 0x000000070d300000, 0x000000070d400000|  0%| F|  |TAMS 0x000000070d300000, 0x000000070d300000| Untracked 
| 184|0x000000070d400000, 0x000000070d400000, 0x000000070d500000|  0%| F|  |TAMS 0x000000070d400000, 0x000000070d400000| Untracked 
| 185|0x000000070d500000, 0x000000070d500000, 0x000000070d600000|  0%| F|  |TAMS 0x000000070d500000, 0x000000070d500000| Untracked 
| 186|0x000000070d600000, 0x000000070d600000, 0x000000070d700000|  0%| F|  |TAMS 0x000000070d600000, 0x000000070d600000| Untracked 
| 187|0x000000070d700000, 0x000000070d700000, 0x000000070d800000|  0%| F|  |TAMS 0x000000070d700000, 0x000000070d700000| Untracked 
| 188|0x000000070d800000, 0x000000070d800000, 0x000000070d900000|  0%| F|  |TAMS 0x000000070d800000, 0x000000070d800000| Untracked 
| 189|0x000000070d900000, 0x000000070d900000, 0x000000070da00000|  0%| F|  |TAMS 0x000000070d900000, 0x000000070d900000| Untracked 
| 190|0x000000070da00000, 0x000000070da00000, 0x000000070db00000|  0%| F|  |TAMS 0x000000070da00000, 0x000000070da00000| Untracked 
| 191|0x000000070db00000, 0x000000070db00000, 0x000000070dc00000|  0%| F|  |TAMS 0x000000070db00000, 0x000000070db00000| Untracked 
| 192|0x000000070dc00000, 0x000000070dc00000, 0x000000070dd00000|  0%| F|  |TAMS 0x000000070dc00000, 0x000000070dc00000| Untracked 
| 193|0x000000070dd00000, 0x000000070dd00000, 0x000000070de00000|  0%| F|  |TAMS 0x000000070dd00000, 0x000000070dd00000| Untracked 
| 194|0x000000070de00000, 0x000000070de00000, 0x000000070df00000|  0%| F|  |TAMS 0x000000070de00000, 0x000000070de00000| Untracked 
| 195|0x000000070df00000, 0x000000070df00000, 0x000000070e000000|  0%| F|  |TAMS 0x000000070df00000, 0x000000070df00000| Untracked 
| 196|0x000000070e000000, 0x000000070e000000, 0x000000070e100000|  0%| F|  |TAMS 0x000000070e000000, 0x000000070e000000| Untracked 
| 197|0x000000070e100000, 0x000000070e100000, 0x000000070e200000|  0%| F|  |TAMS 0x000000070e100000, 0x000000070e100000| Untracked 
| 198|0x000000070e200000, 0x000000070e200000, 0x000000070e300000|  0%| F|  |TAMS 0x000000070e200000, 0x000000070e200000| Untracked 
| 199|0x000000070e300000, 0x000000070e300000, 0x000000070e400000|  0%| F|  |TAMS 0x000000070e300000, 0x000000070e300000| Untracked 
| 200|0x000000070e400000, 0x000000070e400000, 0x000000070e500000|  0%| F|  |TAMS 0x000000070e400000, 0x000000070e400000| Untracked 
| 201|0x000000070e500000, 0x000000070e500000, 0x000000070e600000|  0%| F|  |TAMS 0x000000070e500000, 0x000000070e500000| Untracked 
| 202|0x000000070e600000, 0x000000070e600000, 0x000000070e700000|  0%| F|  |TAMS 0x000000070e600000, 0x000000070e600000| Untracked 
| 203|0x000000070e700000, 0x000000070e700000, 0x000000070e800000|  0%| F|  |TAMS 0x000000070e700000, 0x000000070e700000| Untracked 
| 204|0x000000070e800000, 0x000000070e800000, 0x000000070e900000|  0%| F|  |TAMS 0x000000070e800000, 0x000000070e800000| Untracked 
| 205|0x000000070e900000, 0x000000070e900000, 0x000000070ea00000|  0%| F|  |TAMS 0x000000070e900000, 0x000000070e900000| Untracked 
| 206|0x000000070ea00000, 0x000000070ea00000, 0x000000070eb00000|  0%| F|  |TAMS 0x000000070ea00000, 0x000000070ea00000| Untracked 
| 207|0x000000070eb00000, 0x000000070eb00000, 0x000000070ec00000|  0%| F|  |TAMS 0x000000070eb00000, 0x000000070eb00000| Untracked 
| 208|0x000000070ec00000, 0x000000070ec00000, 0x000000070ed00000|  0%| F|  |TAMS 0x000000070ec00000, 0x000000070ec00000| Untracked 
| 209|0x000000070ed00000, 0x000000070ed00000, 0x000000070ee00000|  0%| F|  |TAMS 0x000000070ed00000, 0x000000070ed00000| Untracked 
| 210|0x000000070ee00000, 0x000000070ee00000, 0x000000070ef00000|  0%| F|  |TAMS 0x000000070ee00000, 0x000000070ee00000| Untracked 
| 211|0x000000070ef00000, 0x000000070ef00000, 0x000000070f000000|  0%| F|  |TAMS 0x000000070ef00000, 0x000000070ef00000| Untracked 
| 212|0x000000070f000000, 0x000000070f000000, 0x000000070f100000|  0%| F|  |TAMS 0x000000070f000000, 0x000000070f000000| Untracked 
| 213|0x000000070f100000, 0x000000070f100000, 0x000000070f200000|  0%| F|  |TAMS 0x000000070f100000, 0x000000070f100000| Untracked 
| 214|0x000000070f200000, 0x000000070f200000, 0x000000070f300000|  0%| F|  |TAMS 0x000000070f200000, 0x000000070f200000| Untracked 
| 215|0x000000070f300000, 0x000000070f300000, 0x000000070f400000|  0%| F|  |TAMS 0x000000070f300000, 0x000000070f300000| Untracked 
| 216|0x000000070f400000, 0x000000070f400000, 0x000000070f500000|  0%| F|  |TAMS 0x000000070f400000, 0x000000070f400000| Untracked 
| 217|0x000000070f500000, 0x000000070f500000, 0x000000070f600000|  0%| F|  |TAMS 0x000000070f500000, 0x000000070f500000| Untracked 
| 218|0x000000070f600000, 0x000000070f600000, 0x000000070f700000|  0%| F|  |TAMS 0x000000070f600000, 0x000000070f600000| Untracked 
| 219|0x000000070f700000, 0x000000070f700000, 0x000000070f800000|  0%| F|  |TAMS 0x000000070f700000, 0x000000070f700000| Untracked 
| 220|0x000000070f800000, 0x000000070f800000, 0x000000070f900000|  0%| F|  |TAMS 0x000000070f800000, 0x000000070f800000| Untracked 
| 221|0x000000070f900000, 0x000000070f900000, 0x000000070fa00000|  0%| F|  |TAMS 0x000000070f900000, 0x000000070f900000| Untracked 
| 222|0x000000070fa00000, 0x000000070fa00000, 0x000000070fb00000|  0%| F|  |TAMS 0x000000070fa00000, 0x000000070fa00000| Untracked 
| 223|0x000000070fb00000, 0x000000070fb00000, 0x000000070fc00000|  0%| F|  |TAMS 0x000000070fb00000, 0x000000070fb00000| Untracked 
| 224|0x000000070fc00000, 0x000000070fc00000, 0x000000070fd00000|  0%| F|  |TAMS 0x000000070fc00000, 0x000000070fc00000| Untracked 
| 225|0x000000070fd00000, 0x000000070fd00000, 0x000000070fe00000|  0%| F|  |TAMS 0x000000070fd00000, 0x000000070fd00000| Untracked 
| 226|0x000000070fe00000, 0x000000070fe00000, 0x000000070ff00000|  0%| F|  |TAMS 0x000000070fe00000, 0x000000070fe00000| Untracked 
| 227|0x000000070ff00000, 0x000000070ff00000, 0x0000000710000000|  0%| F|  |TAMS 0x000000070ff00000, 0x000000070ff00000| Untracked 
| 228|0x0000000710000000, 0x0000000710000000, 0x0000000710100000|  0%| F|  |TAMS 0x0000000710000000, 0x0000000710000000| Untracked 
| 229|0x0000000710100000, 0x0000000710100000, 0x0000000710200000|  0%| F|  |TAMS 0x0000000710100000, 0x0000000710100000| Untracked 
| 230|0x0000000710200000, 0x0000000710200000, 0x0000000710300000|  0%| F|  |TAMS 0x0000000710200000, 0x0000000710200000| Untracked 
| 231|0x0000000710300000, 0x0000000710300000, 0x0000000710400000|  0%| F|  |TAMS 0x0000000710300000, 0x0000000710300000| Untracked 
| 232|0x0000000710400000, 0x0000000710400000, 0x0000000710500000|  0%| F|  |TAMS 0x0000000710400000, 0x0000000710400000| Untracked 
| 233|0x0000000710500000, 0x0000000710500000, 0x0000000710600000|  0%| F|  |TAMS 0x0000000710500000, 0x0000000710500000| Untracked 
| 234|0x0000000710600000, 0x0000000710600000, 0x0000000710700000|  0%| F|  |TAMS 0x0000000710600000, 0x0000000710600000| Untracked 
| 235|0x0000000710700000, 0x0000000710700000, 0x0000000710800000|  0%| F|  |TAMS 0x0000000710700000, 0x0000000710700000| Untracked 
| 236|0x0000000710800000, 0x0000000710800000, 0x0000000710900000|  0%| F|  |TAMS 0x0000000710800000, 0x0000000710800000| Untracked 
| 237|0x0000000710900000, 0x0000000710900000, 0x0000000710a00000|  0%| F|  |TAMS 0x0000000710900000, 0x0000000710900000| Untracked 
| 238|0x0000000710a00000, 0x0000000710a00000, 0x0000000710b00000|  0%| F|  |TAMS 0x0000000710a00000, 0x0000000710a00000| Untracked 
| 239|0x0000000710b00000, 0x0000000710b00000, 0x0000000710c00000|  0%| F|  |TAMS 0x0000000710b00000, 0x0000000710b00000| Untracked 
| 240|0x0000000710c00000, 0x0000000710c00000, 0x0000000710d00000|  0%| F|  |TAMS 0x0000000710c00000, 0x0000000710c00000| Untracked 
| 241|0x0000000710d00000, 0x0000000710d00000, 0x0000000710e00000|  0%| F|  |TAMS 0x0000000710d00000, 0x0000000710d00000| Untracked 
| 242|0x0000000710e00000, 0x0000000710e00000, 0x0000000710f00000|  0%| F|  |TAMS 0x0000000710e00000, 0x0000000710e00000| Untracked 
| 243|0x0000000710f00000, 0x0000000710f00000, 0x0000000711000000|  0%| F|  |TAMS 0x0000000710f00000, 0x0000000710f00000| Untracked 
| 244|0x0000000711000000, 0x0000000711100000, 0x0000000711100000|100%| S|CS|TAMS 0x0000000711000000, 0x0000000711000000| Complete 
| 245|0x0000000711100000, 0x0000000711200000, 0x0000000711200000|100%| S|CS|TAMS 0x0000000711100000, 0x0000000711100000| Complete 
| 246|0x0000000711200000, 0x0000000711200000, 0x0000000711300000|  0%| F|  |TAMS 0x0000000711200000, 0x0000000711200000| Untracked 
| 247|0x0000000711300000, 0x0000000711300000, 0x0000000711400000|  0%| F|  |TAMS 0x0000000711300000, 0x0000000711300000| Untracked 
| 248|0x0000000711400000, 0x00000007114d3950, 0x0000000711500000| 82%| E|  |TAMS 0x0000000711400000, 0x0000000711400000| Complete 
| 249|0x0000000711500000, 0x0000000711600000, 0x0000000711600000|100%| E|CS|TAMS 0x0000000711500000, 0x0000000711500000| Complete 
| 250|0x0000000711600000, 0x0000000711700000, 0x0000000711700000|100%| E|CS|TAMS 0x0000000711600000, 0x0000000711600000| Complete 
| 251|0x0000000711700000, 0x0000000711800000, 0x0000000711800000|100%| E|CS|TAMS 0x0000000711700000, 0x0000000711700000| Complete 
| 252|0x0000000711800000, 0x0000000711900000, 0x0000000711900000|100%| E|CS|TAMS 0x0000000711800000, 0x0000000711800000| Complete 
| 253|0x0000000711900000, 0x0000000711a00000, 0x0000000711a00000|100%| E|CS|TAMS 0x0000000711900000, 0x0000000711900000| Complete 
| 254|0x0000000711a00000, 0x0000000711b00000, 0x0000000711b00000|100%| E|CS|TAMS 0x0000000711a00000, 0x0000000711a00000| Complete 
| 255|0x0000000711b00000, 0x0000000711c00000, 0x0000000711c00000|100%| E|CS|TAMS 0x0000000711b00000, 0x0000000711b00000| Complete 

Card table byte_map: [0x0000015e2d730000,0x0000015e2df30000] _byte_map_base: 0x0000015e29f22000

Marking Bits (Prev, Next): (CMBitMap*) 0x0000015e15c956e8, (CMBitMap*) 0x0000015e15c95720
 Prev Bits: [0x0000015e2e730000, 0x0000015e326c0000)
 Next Bits: [0x0000015e326c0000, 0x0000015e36650000)

Polling page: 0x0000015e13a30000

Metaspace:

Usage:
  Non-class:     11.83 MB capacity,    11.59 MB ( 98%) used,   210.51 KB (  2%) free+waste,    30.88 KB ( <1%) overhead. 
      Class:      1.50 MB capacity,     1.37 MB ( 91%) used,   121.05 KB (  8%) free+waste,    15.25 KB ( <1%) overhead. 
       Both:     13.33 MB capacity,    12.96 MB ( 97%) used,   331.56 KB (  2%) free+waste,    46.13 KB ( <1%) overhead. 

Virtual space:
  Non-class space:       12.00 MB reserved,      12.00 MB (100%) committed 
      Class space:        1.00 GB reserved,       1.50 MB ( <1%) committed 
             Both:        1.01 GB reserved,      13.50 MB (  1%) committed 

Chunk freelists:
   Non-Class:  6.25 KB
       Class:  128 bytes
        Both:  6.38 KB

CodeHeap 'non-profiled nmethods': size=238912Kb used=1901Kb max_used=1901Kb free=237010Kb
 bounds [0x0000015e1e5e0000, 0x0000015e1e850000, 0x0000015e2cf30000]
CodeHeap 'non-nmethods': size=6848Kb used=2243Kb max_used=2243Kb free=4604Kb
 bounds [0x0000015e1df30000, 0x0000015e1e1a0000, 0x0000015e1e5e0000]
 total_blobs=1717 nmethods=1286 adapters=339
 compilation: enabled
              stopped_count=0, restarted_count=0
 full_count=0

Compilation events (10 events):
Event: 1.489 Thread 0x0000015e3a5ea000 1157       1       java.util.zip.ZipUtils::LOCNAM (7 bytes)
Event: 1.489 Thread 0x0000015e3a5ea000 nmethod 1157 0x0000015e1e77db10 code [0x0000015e1e77dcc0, 0x0000015e1e77de18]
Event: 1.489 Thread 0x0000015e3a706800 nmethod 1156 0x0000015e1e77df10 code [0x0000015e1e77e0c0, 0x0000015e1e77e278]
Event: 1.489 Thread 0x0000015e3a5ea000 1158       1       java.util.zip.ZipUtils::LOCEXT (7 bytes)
Event: 1.489 Thread 0x0000015e3a5ea000 nmethod 1158 0x0000015e1e77e310 code [0x0000015e1e77e4c0, 0x0000015e1e77e618]
Event: 1.491 Thread 0x0000015e3a706800 1159       1       java.util.zip.ZipEntry::<init> (74 bytes)
Event: 1.491 Thread 0x0000015e3a706800 nmethod 1159 0x0000015e1e77e710 code [0x0000015e1e77e8e0, 0x0000015e1e77ec60]
Event: 1.492 Thread 0x0000015e3a5ea000 1160       1       sun.net.www.ParseUtil::firstEncodeIndex (86 bytes)
Event: 1.492 Thread 0x0000015e3a5ea000 nmethod 1160 0x0000015e1e77ee10 code [0x0000015e1e77f000, 0x0000015e1e77f370]
Event: 1.495 Thread 0x0000015e3a706800 1161       1       java.net.URLStreamHandler::toExternalForm (156 bytes)

GC Heap History (4 events):
Event: 0.928 GC heap before
{Heap before GC invocations=0 (full 0):
 garbage-first heap   total 262144K, used 14336K [0x0000000701c00000, 0x0000000800000000)
  region size 1024K, 14 young (14336K), 0 survivors (0K)
 Metaspace       used 6088K, capacity 6162K, committed 6272K, reserved 1056768K
  class space    used 540K, capacity 567K, committed 640K, reserved 1048576K
}
Event: 0.947 GC heap after
{Heap after GC invocations=1 (full 0):
 garbage-first heap   total 262144K, used 11746K [0x0000000701c00000, 0x0000000800000000)
  region size 1024K, 2 young (2048K), 2 survivors (2048K)
 Metaspace       used 6088K, capacity 6162K, committed 6272K, reserved 1056768K
  class space    used 540K, capacity 567K, committed 640K, reserved 1048576K
}
Event: 1.147 GC heap before
{Heap before GC invocations=1 (full 0):
 garbage-first heap   total 262144K, used 21986K [0x0000000701c00000, 0x0000000800000000)
  region size 1024K, 12 young (12288K), 2 survivors (2048K)
 Metaspace       used 9075K, capacity 9222K, committed 9472K, reserved 1058816K
  class space    used 925K, capacity 996K, committed 1024K, reserved 1048576K
}
Event: 1.150 GC heap after
{Heap after GC invocations=2 (full 0):
 garbage-first heap   total 262144K, used 19108K [0x0000000701c00000, 0x0000000800000000)
  region size 1024K, 2 young (2048K), 2 survivors (2048K)
 Metaspace       used 9075K, capacity 9222K, committed 9472K, reserved 1058816K
  class space    used 925K, capacity 996K, committed 1024K, reserved 1048576K
}

Deoptimization events (0 events):
No events

Classes redefined (0 events):
No events

Internal exceptions (10 events):
Event: 1.200 Thread 0x0000015e15c2f800 Exception <a 'java/lang/NoSuchMethodError'{0x0000000711be6080}: java.lang.invoke.DirectMethodHandle$Holder.invokeStatic(Ljava/lang/Object;IIII)Ljava/lang/Object;> (0x0000000711be6080) thrown at [t:/workspace/open/src/hotspot/share/interpreter/linkResolver
Event: 1.200 Thread 0x0000015e15c2f800 Exception <a 'java/lang/NoSuchMethodError'{0x0000000711be9198}: java.lang.invoke.DirectMethodHandle$Holder.invokeStaticInit(Ljava/lang/Object;IIII)Ljava/lang/Object;> (0x0000000711be9198) thrown at [t:/workspace/open/src/hotspot/share/interpreter/linkReso
Event: 1.379 Thread 0x0000015e15c2f800 Exception <a 'java/lang/NoSuchMethodError'{0x0000000711a2f910}: java.lang.invoke.DirectMethodHandle$Holder.invokeStatic(Ljava/lang/Object;Ljava/lang/Object;IIII)Ljava/lang/Object;> (0x0000000711a2f910) thrown at [t:/workspace/open/src/hotspot/share/interp
Event: 1.379 Thread 0x0000015e15c2f800 Exception <a 'java/lang/NoSuchMethodError'{0x0000000711a32c58}: java.lang.invoke.DirectMethodHandle$Holder.invokeStaticInit(Ljava/lang/Object;Ljava/lang/Object;IIII)Ljava/lang/Object;> (0x0000000711a32c58) thrown at [t:/workspace/open/src/hotspot/share/in
Event: 1.387 Thread 0x0000015e15c2f800 Exception <a 'java/lang/ClassNotFoundException'{0x0000000711a50470}: javax/management/remote/rmi/RMIServerImpl_Skel> (0x0000000711a50470) thrown at [t:/workspace/open/src/hotspot/share/classfile/systemDictionary.cpp, line 231]
Event: 1.426 Thread 0x0000015e15c2f800 Exception <a 'java/lang/ClassNotFoundException'{0x000000071192ed98}: jdk/internal/agent/resources/spi/agentProvider> (0x000000071192ed98) thrown at [t:/workspace/open/src/hotspot/share/classfile/systemDictionary.cpp, line 231]
Event: 1.433 Thread 0x0000015e15c2f800 Exception <a 'java/lang/NoSuchMethodError'{0x0000000711984ee0}: java.lang.invoke.DirectMethodHandle$Holder.invokeStatic(Ljava/lang/Object;Ljava/lang/Object;Ljava/lang/Object;Ljava/lang/Object;Ljava/lang/Object;Ljava/lang/Object;Ljava/lang/Object;Ljava/lan
Event: 1.434 Thread 0x0000015e15c2f800 Exception <a 'java/lang/NoSuchMethodError'{0x00000007119918a0}: java.lang.invoke.DirectMethodHandle$Holder.invokeStatic(Ljava/lang/Object;Ljava/lang/Object;Ljava/lang/Object;Ljava/lang/Object;Ljava/lang/Object;Ljava/lang/Object;Ljava/lang/Object;Ljava/lan
Event: 1.478 Thread 0x0000015e15c2f800 Exception <a 'java/lang/ClassNotFoundException'{0x0000000711765df8}: javax/smartcardio/CardPermission> (0x0000000711765df8) thrown at [t:/workspace/open/src/hotspot/share/classfile/systemDictionary.cpp, line 231]
Event: 1.480 Thread 0x0000015e15c2f800 Exception <a 'java/io/FileNotFoundException'{0x0000000711774488}> (0x0000000711774488) thrown at [t:/workspace/open/src/hotspot/share/prims/jni.cpp, line 615]

Events (10 events):
Event: 1.491 loading class ch/qos/logback/core/spi/FilterAttachableImpl
Event: 1.491 loading class ch/qos/logback/core/spi/FilterAttachableImpl done
Event: 1.491 loading class ch/qos/logback/core/util/COWArrayList
Event: 1.491 loading class ch/qos/logback/core/util/COWArrayList done
Event: 1.492 loading class ch/qos/logback/core/filter/Filter
Event: 1.492 loading class ch/qos/logback/core/filter/Filter done
Event: 1.492 loading class ch/qos/logback/core/joran/spi/ConsoleTarget
Event: 1.492 loading class ch/qos/logback/core/joran/spi/ConsoleTarget done
Event: 1.494 loading class ch/qos/logback/core/joran/spi/ConsoleTarget$1
Event: 1.494 loading class ch/qos/logback/core/joran/spi/ConsoleTarget$1 done


Dynamic libraries:
0x00007ff6a9430000 - 0x00007ff6a9475000 	C:\Program Files\Java\jdk-11.0.2\bin\javaw.exe
0x00007ffbc2d60000 - 0x00007ffbc2f50000 	C:\WINDOWS\SYSTEM32\ntdll.dll
0x00007ffbc22a0000 - 0x00007ffbc2352000 	C:\WINDOWS\System32\KERNEL32.DLL
0x00007ffbc0230000 - 0x00007ffbc04d5000 	C:\WINDOWS\System32\KERNELBASE.dll
0x00007ffbc0e70000 - 0x00007ffbc1005000 	C:\WINDOWS\System32\USER32.dll
0x00007ffbc0200000 - 0x00007ffbc0221000 	C:\WINDOWS\System32\win32u.dll
0x00007ffbc2360000 - 0x00007ffbc2386000 	C:\WINDOWS\System32\GDI32.dll
0x00007ffbbffc0000 - 0x00007ffbc0156000 	C:\WINDOWS\System32\gdi32full.dll
0x00007ffbc0160000 - 0x00007ffbc01fe000 	C:\WINDOWS\System32\msvcp_win.dll
0x00007ffbc04e0000 - 0x00007ffbc05da000 	C:\WINDOWS\System32\ucrtbase.dll
0x00007ffbaa7d0000 - 0x00007ffbaaa54000 	C:\WINDOWS\WinSxS\amd64_microsoft.windows.common-controls_6595b64144ccf1df_6.0.18362.1082_none_9e8193e1e45b25c1\COMCTL32.dll
0x00007ffbc1240000 - 0x00007ffbc12de000 	C:\WINDOWS\System32\msvcrt.dll
0x00007ffbc1a80000 - 0x00007ffbc1db5000 	C:\WINDOWS\System32\combase.dll
0x00007ffbc1690000 - 0x00007ffbc17b0000 	C:\WINDOWS\System32\RPCRT4.dll
0x00007ffbc05e0000 - 0x00007ffbc0660000 	C:\WINDOWS\System32\bcryptPrimitives.dll
0x00007ffbc1210000 - 0x00007ffbc123e000 	C:\WINDOWS\System32\IMM32.DLL
0x00007ffba4f60000 - 0x00007ffba4f76000 	C:\Program Files\Java\jdk-11.0.2\bin\vcruntime140.dll
0x00007ffb9d5d0000 - 0x00007ffb9d67a000 	C:\Program Files\Java\jdk-11.0.2\bin\msvcp140.dll
0x00007ffb5a3d0000 - 0x00007ffb5aef3000 	C:\Program Files\Java\jdk-11.0.2\bin\server\jvm.dll
0x00007ffbc1460000 - 0x00007ffbc1503000 	C:\WINDOWS\System32\ADVAPI32.dll
0x00007ffbc1350000 - 0x00007ffbc13e7000 	C:\WINDOWS\System32\sechost.dll
0x00007ffbc19a0000 - 0x00007ffbc19a8000 	C:\WINDOWS\System32\PSAPI.DLL
0x00007ffba9b80000 - 0x00007ffba9b89000 	C:\WINDOWS\SYSTEM32\WSOCK32.dll
0x00007ffbbdca0000 - 0x00007ffbbdcc4000 	C:\WINDOWS\SYSTEM32\WINMM.dll
0x00007ffbc25c0000 - 0x00007ffbc262f000 	C:\WINDOWS\System32\WS2_32.dll
0x00007ffbb87e0000 - 0x00007ffbb87ea000 	C:\WINDOWS\SYSTEM32\VERSION.dll
0x00007ffbbdc70000 - 0x00007ffbbdc9d000 	C:\WINDOWS\SYSTEM32\WINMMBASE.dll
0x00007ffbbfec0000 - 0x00007ffbbff0a000 	C:\WINDOWS\System32\cfgmgr32.dll
0x00007ffbbfc30000 - 0x00007ffbbfc41000 	C:\WINDOWS\System32\kernel.appcore.dll
0x00007ffbb9950000 - 0x00007ffbb9961000 	C:\Program Files\Java\jdk-11.0.2\bin\verify.dll
0x00007ffbaabe0000 - 0x00007ffbaadd4000 	C:\WINDOWS\SYSTEM32\DBGHELP.DLL
0x00007ffbaa640000 - 0x00007ffbaa66a000 	C:\WINDOWS\SYSTEM32\dbgcore.DLL
0x00007ffba6bc0000 - 0x00007ffba6be8000 	C:\Program Files\Java\jdk-11.0.2\bin\java.dll
0x00007ffba6f90000 - 0x00007ffba6fa6000 	C:\Program Files\Java\jdk-11.0.2\bin\zip.dll
0x00007ffbbc600000 - 0x00007ffbbc60a000 	C:\Program Files\Java\jdk-11.0.2\bin\jimage.dll
0x00007ffbc2630000 - 0x00007ffbc2d17000 	C:\WINDOWS\System32\SHELL32.dll
0x00007ffbc17b0000 - 0x00007ffbc1859000 	C:\WINDOWS\System32\shcore.dll
0x00007ffbc0690000 - 0x00007ffbc0e10000 	C:\WINDOWS\System32\windows.storage.dll
0x00007ffbbfcc0000 - 0x00007ffbbfce3000 	C:\WINDOWS\System32\profapi.dll
0x00007ffbbfc70000 - 0x00007ffbbfcba000 	C:\WINDOWS\System32\powrprof.dll
0x00007ffbbfc20000 - 0x00007ffbbfc30000 	C:\WINDOWS\System32\UMPDC.dll
0x00007ffbc0e10000 - 0x00007ffbc0e62000 	C:\WINDOWS\System32\shlwapi.dll
0x00007ffbbfea0000 - 0x00007ffbbfeb7000 	C:\WINDOWS\System32\cryptsp.dll
0x00007ffba6ba0000 - 0x00007ffba6bb9000 	C:\Program Files\Java\jdk-11.0.2\bin\net.dll
0x00007ffbb9e80000 - 0x00007ffbb9f70000 	C:\WINDOWS\SYSTEM32\WINHTTP.dll
0x00007ffbb42b0000 - 0x00007ffbb4486000 	C:\WINDOWS\SYSTEM32\urlmon.dll
0x00007ffbb4000000 - 0x00007ffbb42a6000 	C:\WINDOWS\SYSTEM32\iertutil.dll
0x00007ffbbf5e0000 - 0x00007ffbbf5ec000 	C:\WINDOWS\SYSTEM32\CRYPTBASE.DLL
0x00007ffbbf410000 - 0x00007ffbbf477000 	C:\WINDOWS\system32\mswsock.dll
0x00007ffba5090000 - 0x00007ffba50a3000 	C:\Program Files\Java\jdk-11.0.2\bin\nio.dll
0x00007ffbb7460000 - 0x00007ffbb7469000 	C:\Program Files\Java\jdk-11.0.2\bin\management.dll
0x00007ffbb7250000 - 0x00007ffbb725c000 	C:\Program Files\Java\jdk-11.0.2\bin\management_ext.dll
0x00007ffba9a10000 - 0x00007ffba9a26000 	C:\WINDOWS\system32\napinsp.dll
0x00007ffba99f0000 - 0x00007ffba9a0a000 	C:\WINDOWS\system32\pnrpnsp.dll
0x00007ffbbf160000 - 0x00007ffbbf22b000 	C:\WINDOWS\SYSTEM32\DNSAPI.dll
0x00007ffbc12e0000 - 0x00007ffbc12e8000 	C:\WINDOWS\System32\NSI.dll
0x00007ffbbf120000 - 0x00007ffbbf15a000 	C:\WINDOWS\SYSTEM32\IPHLPAPI.DLL
0x00007ffba9c20000 - 0x00007ffba9c2e000 	C:\WINDOWS\System32\winrnr.dll
0x00007ffbbc5c0000 - 0x00007ffbbc5dc000 	C:\WINDOWS\system32\NLAapi.dll
0x00007ffba95c0000 - 0x00007ffba95d5000 	C:\WINDOWS\system32\wshbth.dll
0x00007ffbb9970000 - 0x00007ffbb997a000 	C:\Windows\System32\rasadhlp.dll
0x00007ffbba670000 - 0x00007ffbba6e7000 	C:\WINDOWS\System32\fwpuclnt.dll
0x00007ffbc0660000 - 0x00007ffbc0686000 	C:\WINDOWS\System32\bcrypt.dll
0x00007ffbbef80000 - 0x00007ffbbefb3000 	C:\WINDOWS\system32\rsaenh.dll
0x00007ffbbfb40000 - 0x00007ffbbfb65000 	C:\WINDOWS\SYSTEM32\USERENV.dll
0x00007ffbbaff0000 - 0x00007ffbbb006000 	C:\WINDOWS\SYSTEM32\dhcpcsvc6.DLL
0x00007ffbbafd0000 - 0x00007ffbbafec000 	C:\WINDOWS\SYSTEM32\dhcpcsvc.DLL

dbghelp: loaded successfully - version: 4.0.5 - missing functions: none
symbol engine: initialized successfully - sym options: 0x614 - pdb path: .;C:\Program Files\Java\jdk-11.0.2\bin;C:\WINDOWS\SYSTEM32;C:\WINDOWS\WinSxS\amd64_microsoft.windows.common-controls_6595b64144ccf1df_6.0.18362.1082_none_9e8193e1e45b25c1;C:\Program Files\Java\jdk-11.0.2\bin\server

VM Arguments:
jvm_args: -Dcom.sun.management.jmxremote -Dcom.sun.management.jmxremote.port=53422 -Dcom.sun.management.jmxremote.authenticate=false -Dcom.sun.management.jmxremote.ssl=false -Djava.rmi.server.hostname=localhost -Dspring.jmx.enabled=true -Dspring.application.admin.enabled=true -Xverify:none -XX:TieredStopAtLevel=1 -Dspring.boot.project.name=cursomc -Dfile.encoding=UTF-8 
java_command: com.rhuan.cursomc.CursomcApplication --spring.output.ansi.enabled=always
java_class_path (initial): E:\OneDrive\Estudos\Java2020\st-springtool\cursomc\target\classes;C:\Users\rhuan\.m2\repository\org\springframework\boot\spring-boot-starter-web\2.2.10.BUILD-SNAPSHOT\spring-boot-starter-web-2.2.10.BUILD-SNAPSHOT.jar;C:\Users\rhuan\.m2\repository\org\springframework\boot\spring-boot-starter\2.2.10.BUILD-SNAPSHOT\spring-boot-starter-2.2.10.BUILD-SNAPSHOT.jar;C:\Users\rhuan\.m2\repository\org\springframework\boot\spring-boot-starter-logging\2.2.10.BUILD-SNAPSHOT\spring-boot-starter-logging-2.2.10.BUILD-SNAPSHOT.jar;C:\Users\rhuan\.m2\repository\ch\qos\logback\logback-classic\1.2.3\logback-classic-1.2.3.jar;C:\Users\rhuan\.m2\repository\ch\qos\logback\logback-core\1.2.3\logback-core-1.2.3.jar;C:\Users\rhuan\.m2\repository\org\apache\logging\log4j\log4j-to-slf4j\2.12.1\log4j-to-slf4j-2.12.1.jar;C:\Users\rhuan\.m2\repository\org\apache\logging\log4j\log4j-api\2.12.1\log4j-api-2.12.1.jar;C:\Users\rhuan\.m2\repository\org\slf4j\jul-to-slf4j\1.7.30\jul-to-slf4j-1.7.30.jar;C:\Users\rhuan\.m2\repository\jakarta\annotation\jakarta.annotation-api\1.3.5\jakarta.annotation-api-1.3.5.jar;C:\Users\rhuan\.m2\repository\org\yaml\snakeyaml\1.25\snakeyaml-1.25.jar;C:\Users\rhuan\.m2\repository\org\springframework\boot\spring-boot-starter-json\2.2.10.BUILD-SNAPSHOT\spring-boot-starter-json-2.2.10.BUILD-SNAPSHOT.jar;C:\Users\rhuan\.m2\repository\com\fasterxml\jackson\datatype\jackson-datatype-jdk8\2.10.5\jackson-datatype-jdk8-2.10.5.jar;C:\Users\rhuan\.m2\repository\com\fasterxml\jackson\datatype\jackson-datatype-jsr310\2.10.5\jackson-datatype-jsr310-2.10.5.jar;C:\Users\rhuan\.m2\repository\com\fasterxml\jackson\module\jackson-module-parameter-names\2.10.5\jackson-module-parameter-names-2.10.5.jar;C:\Users\rhuan\.m2\repository\org\springframework\boot\spring-boot-starter-tomcat\2.2.10.BUILD-SNAPSHOT\spring-boot-starter-tomcat-2.2.10.BUILD-SNAPSHOT.jar;C:\Users\rhuan\.m2\repository\org\apache\tomcat\embed\tomcat-embed-core\9.0.37\tomcat-embed-core-9.0.37.jar;C
Launcher Type: SUN_STANDARD

[Global flags]
     bool BytecodeVerificationLocal                = false                                     {product} {command line}
     bool BytecodeVerificationRemote               = false                                     {product} {command line}
     intx CICompilerCount                          = 3                                         {product} {ergonomic}
     uint ConcGCThreads                            = 1                                         {product} {ergonomic}
     uint G1ConcRefinementThreads                  = 4                                         {product} {ergonomic}
   size_t G1HeapRegionSize                         = 1048576                                   {product} {ergonomic}
    uintx GCDrainStackTargetSize                   = 64                                        {product} {ergonomic}
   size_t InitialHeapSize                          = 268435456                                 {product} {ergonomic}
     bool ManagementServer                         = true                                      {product} {command line}
   size_t MarkStackSize                            = 4194304                                   {product} {ergonomic}
   size_t MaxHeapSize                              = 4265607168                                {product} {ergonomic}
   size_t MaxNewSize                               = 2558525440                                {product} {ergonomic}
   size_t MinHeapDeltaBytes                        = 1048576                                   {product} {ergonomic}
    uintx NonNMethodCodeHeapSize                   = 6973028                                {pd product} {ergonomic}
    uintx NonProfiledCodeHeapSize                  = 244685212                              {pd product} {ergonomic}
    uintx ProfiledCodeHeapSize                     = 0                                      {pd product} {ergonomic}
    uintx ReservedCodeCacheSize                    = 251658240                              {pd product} {ergonomic}
     bool SegmentedCodeCache                       = true                                      {product} {ergonomic}
     intx TieredStopAtLevel                        = 1                                         {product} {command line}
     bool UseCompressedClassPointers               = true                                 {lp64_product} {ergonomic}
     bool UseCompressedOops                        = true                                 {lp64_product} {ergonomic}
     bool UseG1GC                                  = true                                      {product} {ergonomic}
     bool UseLargePagesIndividualAllocation        = false                                  {pd product} {ergonomic}

Logging:
Log output configuration:
 #0: stdout all=warning uptime,level,tags
 #1: stderr all=off uptime,level,tags

Environment Variables:
JAVA_HOME=C:\Program Files\Java\jdk-11.0.2
PATH=C:/Program Files/Java/jdk-11.0.2/bin/server;C:/Program Files/Java/jdk-11.0.2/bin;C:\WINDOWS\system32;C:\WINDOWS;C:\WINDOWS\System32\Wbem;C:\WINDOWS\System32\WindowsPowerShell\v1.0\;C:\WINDOWS\System32\OpenSSH\;C:\Program Files (x86)\ATI Technologies\ATI.ACE\Core-Static;C:\Users\rhuan\AppData\Local\Microsoft\WindowsApps;C:\adb;C:\Program Files\Java\jdk-11.0.2\bin;C:\Program Files\Git\cmd;C:\Program Files\MongoDB\Server\4.4\bin;C:\Users\rhuan\AppData\Local\Programs\Python\Python37\Scripts\;C:\Users\rhuan\AppData\Local\Programs\Python\Python37\;C:\Users\rhuan\AppData\Local\Microsoft\WindowsApps;C:\Program Files\heroku\bin;C:\xampp\mysql\bin;;C:\sts-4.7.1.RELEASE;
USERNAME=rhuan
OS=Windows_NT
PROCESSOR_IDENTIFIER=Intel64 Family 6 Model 60 Stepping 3, GenuineIntel



---------------  S Y S T E M  ---------------

OS: Windows 10 , 64 bit Build 18362 (10.0.18362.1082)

CPU:total 4 (initial active 4) (4 cores per cpu, 1 threads per core) family 6 model 60 stepping 3, cmov, cx8, fxsr, mmx, sse, sse2, sse3, ssse3, sse4.1, sse4.2, popcnt, avx, avx2, aes, clmul, erms, lzcnt, tsc, tscinvbit, bmi1, bmi2, fma

Memory: 4k page, system-wide physical 16268M (9073M free)
TotalPageFile size 18700M (AvailPageFile size 9005M)
current process WorkingSet (physical memory assigned to process): 89M, peak: 89M
current process commit charge ("private bytes"): 354M, peak: 354M

vm_info: OpenJDK 64-Bit Server VM (11.0.2+9) for windows-amd64 JRE (11.0.2+9), built on Jan 18 2019 05:23:22 by "mach5one" with MS VC++ 15.5 (VS2017)

END.
